<?xml version="1.0" encoding="UTF-8"?>
<testng-results skipped="0" failed="0" total="1" passed="1">
  <reporter-output>
  </reporter-output>
  <suite name="Default suite" duration-ms="21" started-at="2018-03-08T12:01:16Z" finished-at="2018-03-08T12:01:16Z">
    <groups>
    </groups>
    <test name="Default test" duration-ms="21" started-at="2018-03-08T12:01:16Z" finished-at="2018-03-08T12:01:16Z">
      <class name="javaprograms.javaprogram">
        <test-method status="PASS" signature="reverseSelectedOnly()[pri:0, instance:javaprograms.javaprogram@d2cc05a]" name="reverseSelectedOnly" duration-ms="10" started-at="2018-03-08T17:31:16Z" finished-at="2018-03-08T17:31:16Z">
          <reporter-output>
          </reporter-output>
        </test-method> <!-- reverseSelectedOnly -->
      </class> <!-- javaprograms.javaprogram -->
    </test> <!-- Default test -->
  </suite> <!-- Default suite -->
</testng-results>
