<?xml version="1.0" encoding="UTF-8"?>
<testng-results skipped="0" failed="0" ignored="0" total="2" passed="2">
  <reporter-output>
  </reporter-output>
  <suite name="Default suite" duration-ms="30539" started-at="2018-02-26T13:35:03Z" finished-at="2018-02-26T13:35:33Z">
    <groups>
    </groups>
    <test name="Default test" duration-ms="30539" started-at="2018-02-26T13:35:03Z" finished-at="2018-02-26T13:35:33Z">
      <class name="automationFreamwork.CreateEmployee_TC">
        <test-method status="PASS" signature="findNoselectCheckBox()[pri:0, instance:automationFreamwork.CreateEmployee_TC@27ff5d15]" name="findNoselectCheckBox" duration-ms="30517" started-at="2018-02-26T19:05:03Z" finished-at="2018-02-26T19:05:33Z">
          <reporter-output>
          </reporter-output>
        </test-method> <!-- findNoselectCheckBox -->
        <test-method status="PASS" signature="testemp()[pri:0, instance:automationFreamwork.CreateEmployee_TC@27ff5d15]" name="testemp" duration-ms="1" started-at="2018-02-26T19:05:33Z" finished-at="2018-02-26T19:05:33Z">
          <reporter-output>
          </reporter-output>
        </test-method> <!-- testemp -->
      </class> <!-- automationFreamwork.CreateEmployee_TC -->
    </test> <!-- Default test -->
  </suite> <!-- Default suite -->
</testng-results>
