<?xml version="1.0" encoding="UTF-8"?>
<testng-results skipped="0" failed="0" ignored="0" total="1" passed="1">
  <reporter-output>
  </reporter-output>
  <suite name="Default suite" duration-ms="16341" started-at="2018-03-01T10:36:32Z" finished-at="2018-03-01T10:36:48Z">
    <groups>
    </groups>
    <test name="Default test" duration-ms="16341" started-at="2018-03-01T10:36:32Z" finished-at="2018-03-01T10:36:48Z">
      <class name="automationFreamwork.CreateEmployee_TC">
        <test-method status="PASS" signature="switchBetweenTabs()[pri:0, instance:automationFreamwork.CreateEmployee_TC@27ff5d15]" name="switchBetweenTabs" duration-ms="16324" started-at="2018-03-01T16:06:32Z" finished-at="2018-03-01T16:06:48Z">
          <reporter-output>
          </reporter-output>
        </test-method> <!-- switchBetweenTabs -->
      </class> <!-- automationFreamwork.CreateEmployee_TC -->
    </test> <!-- Default test -->
  </suite> <!-- Default suite -->
</testng-results>
